This is pdfTeX, Version 3.141592653-2.6-1.40.24 (TeX Live 2022) (preloaded format=pdflatex 2022.8.11)  20 AUG 2022 00:02
entering extended mode
 restricted \write18 enabled.
 %&-line parsing enabled.
**in-header.tex
(./in-header.tex
LaTeX2e <2022-06-01> patch level 5
L3 programming layer <2022-08-05>)
! Emergency stop.
<*> in-header.tex
                 
*** (job aborted, no legal \end found)

 
Here is how much of TeX's memory you used:
 16 strings out of 479638
 391 string characters out of 5877602
 294804 words of memory out of 5000000
 18662 multiletter control sequences out of 15000+600000
 469259 words of font info for 28 fonts, out of 8000000 for 9000
 14 hyphenation exceptions out of 8191
 13i,0n,12p,45b,10s stack positions out of 10000i,1000n,20000p,200000b,200000s
!  ==> Fatal error occurred, no output PDF file produced!
